<?xml version="1.0" encoding="UTF-8"?>
<!-- Generated by org.testng.reporters.JUnitXMLReporter -->
<testsuite ignored="0" hostname="DESKTOP-6VNPDG3" failures="0" tests="3" name="Default test" time="3.062" errors="0" timestamp="2026-05-20T09:37:35 IST">
  <testcase classname="test.Selenium_automation.logintest" name="demo_at" time="1.547"/>
  <testcase classname="test.Selenium_automation.logintest" name="signin" time="1.333"/>
  <testcase classname="test.Selenium_automation.logintest" name="close" time="0.138"/>
</testsuite> <!-- Default test -->
