<?xml version="1.0" encoding="UTF-8"?>
<!-- Generated by org.testng.reporters.JUnitXMLReporter -->
<testsuite ignored="2" hostname="DESKTOP-6VNPDG3" failures="1" tests="1" name="Default test(failed)(failed)" time="0.04" errors="0" timestamp="2026-05-25T09:10:48 IST">
  <testcase classname="test.Selenium_automation.groupingtestcase" name="second" time="0.009">
    <failure type="java.lang.AssertionError" message="null">
      <![CDATA[java.lang.AssertionError: null
at test.Selenium_automation.groupingtestcase.second(groupingtestcase.java:16)
at java.base/java.util.ArrayList.forEach(ArrayList.java:1597)
... Removed 27 stack frames]]>
    </failure>
  </testcase> <!-- second -->
  <testcase classname="test.Selenium_automation.groupingtestcase" name="first" time="0.0">
    <ignored/>
  </testcase> <!-- first -->
  <testcase classname="test.Selenium_automation.groupingtestcase" name="third" time="0.0">
    <ignored/>
  </testcase> <!-- third -->
</testsuite> <!-- Default test(failed)(failed) -->
