<?xml version="1.0" encoding="UTF-8"?>
<!-- Generated by org.testng.reporters.JUnitXMLReporter -->
<testsuite ignored="1" hostname="DESKTOP-6VNPDG3" failures="0" tests="2" name="TestNGTest" time="0.034" errors="0" timestamp="2026-05-22T10:08:45 IST">
  <testcase classname="test.Selenium_automation.groupingtestcase" name="first" time="0.007"/>
  <testcase classname="test.Selenium_automation.groupingtestcase" name="third" time="0.0"/>
  <testcase classname="test.Selenium_automation.groupingtestcase" name="second" time="0.0">
    <ignored/>
  </testcase> <!-- second -->
</testsuite> <!-- TestNGTest -->
