<?xml version="1.0" encoding="UTF-8"?>
<testng-results ignored="0" total="3" passed="3" failed="0" skipped="0">
  <reporter-output>
  </reporter-output>
  <suite started-at="2026-05-20T09:37:32 IST" name="Default suite" finished-at="2026-05-20T09:37:35 IST" duration-ms="3062">
    <groups>
    </groups>
    <test started-at="2026-05-20T09:37:32 IST" name="Default test" finished-at="2026-05-20T09:37:35 IST" duration-ms="3062">
      <class name="test.Selenium_automation.logintest">
        <test-method signature="demo_at()[pri:1, instance:test.Selenium_automation.logintest@37d4349f]" started-at="2026-05-20T09:37:32 IST" name="demo_at" finished-at="2026-05-20T09:37:34 IST" duration-ms="1547" status="PASS">
          <reporter-output>
          </reporter-output>
        </test-method> <!-- demo_at -->
        <test-method signature="signin()[pri:2, instance:test.Selenium_automation.logintest@37d4349f]" started-at="2026-05-20T09:37:34 IST" name="signin" finished-at="2026-05-20T09:37:35 IST" duration-ms="1333" status="PASS">
          <reporter-output>
          </reporter-output>
        </test-method> <!-- signin -->
        <test-method signature="close()[pri:3, instance:test.Selenium_automation.logintest@37d4349f]" started-at="2026-05-20T09:37:35 IST" name="close" finished-at="2026-05-20T09:37:35 IST" duration-ms="138" status="PASS">
          <reporter-output>
          </reporter-output>
        </test-method> <!-- close -->
      </class> <!-- test.Selenium_automation.logintest -->
    </test> <!-- Default test -->
  </suite> <!-- Default suite -->
</testng-results>
