<?xml version="1.0" encoding="UTF-8"?>
<!-- Generated by org.testng.reporters.JUnitReportReporter -->
<testsuite hostname="DESKTOP-6VNPDG3" failures="0" tests="3" name="test.Selenium_automation.datadriventesting" time="18.214" errors="0" timestamp="2026-05-21T10:05:13 IST" skipped="0">
  <testcase classname="test.Selenium_automation.datadriventesting" name="swaglab_login_logout" time="3.856"/>
  <system-out/>
  <testcase classname="test.Selenium_automation.datadriventesting" name="swaglab_login_logout" time="4.133"/>
  <system-out/>
  <testcase classname="test.Selenium_automation.datadriventesting" name="swaglab_login_logout" time="10.225"/>
  <system-out/>
</testsuite> <!-- test.Selenium_automation.datadriventesting -->
