<?xml version="1.0" encoding="UTF-8"?>
<!-- Generated by org.testng.reporters.JUnitReportReporter -->
<testsuite hostname="DESKTOP-6VNPDG3" failures="0" tests="2" name="test.Selenium_automation.sample" time="0.009" errors="0" timestamp="2026-05-15T09:46:37 IST" skipped="0">
  <testcase classname="test.Selenium_automation.sample" name="first" time="0.008"/>
  <system-out/>
  <testcase classname="test.Selenium_automation.sample" name="second" time="0.001"/>
  <system-out/>
</testsuite> <!-- test.Selenium_automation.sample -->
