<?xml version="1.0" encoding="UTF-8"?>
<!-- Generated by org.testng.reporters.JUnitReportReporter -->
<testsuite hostname="DESKTOP-6VNPDG3" failures="0" tests="3" name="test.Selenium_automation.logintest" time="3.018" errors="0" timestamp="2026-05-20T09:37:35 IST" skipped="0">
  <testcase classname="test.Selenium_automation.logintest" name="demo_at" time="1.547"/>
  <system-out/>
  <testcase classname="test.Selenium_automation.logintest" name="signin" time="1.333"/>
  <system-out/>
  <testcase classname="test.Selenium_automation.logintest" name="close" time="0.138"/>
  <system-out/>
</testsuite> <!-- test.Selenium_automation.logintest -->
